#
# There is insufficient memory for the Java Runtime Environment to continue.
# Native memory allocation (malloc) failed to allocate 1621456 bytes for Chunk::new
# Possible reasons:
#   The system is out of physical RAM or swap space
#   The process is running with CompressedOops enabled, and the Java Heap may be blocking the growth of the native heap
# Possible solutions:
#   Reduce memory load on the system
#   Increase physical memory or swap space
#   Check if swap backing store is full
#   Decrease Java heap size (-Xmx/-Xms)
#   Decrease number of Java threads
#   Decrease Java thread stack sizes (-Xss)
#   Set larger code cache with -XX:ReservedCodeCacheSize=
#   JVM is running with Unscaled Compressed Oops mode in which the Java heap is
#     placed in the first 4GB address space. The Java Heap base address is the
#     maximum limit for the native heap growth. Please use -XX:HeapBaseMinAddress
#     to set the Java Heap base and to place the Java Heap above 4GB virtual address.
# This output file may be truncated or incomplete.
#
#  Out of Memory Error (./src/hotspot/share/memory/arena.cpp:197), pid=18716, tid=13756
#
# JRE version: OpenJDK Runtime Environment (11.0.10) (build 11.0.10+0-b96-7249189)
# Java VM: OpenJDK 64-Bit Server VM (11.0.10+0-b96-7249189, mixed mode, tiered, compressed oops, g1 gc, windows-amd64)
# No core dump will be written. Minidumps are not enabled by default on client versions of Windows
#

---------------  S U M M A R Y ------------

Command Line: --add-opens=java.base/java.util=ALL-UNNAMED --add-opens=java.base/java.lang=ALL-UNNAMED --add-opens=java.base/java.lang.invoke=ALL-UNNAMED --add-opens=java.prefs/java.util.prefs=ALL-UNNAMED -Xmx1536M -Dfile.encoding=windows-1252 -Duser.country=PH -Duser.language=en -Duser.variant org.gradle.launcher.daemon.bootstrap.GradleDaemon 6.7

Host: AMD Ryzen 7 3700U with Radeon Vega Mobile Gfx  , 8 cores, 6G,  Windows 10 , 64 bit Build 19041 (10.0.19041.1706)
Time: Mon May 16 10:17:50 2022 Malay Peninsula Standard Time elapsed time: 21.561017 seconds (0d 0h 0m 21s)

---------------  T H R E A D  ---------------

Current thread (0x0000018a3a2a2000):  JavaThread "C2 CompilerThread0" daemon [_thread_in_native, id=13756, stack(0x00000078a2c00000,0x00000078a2d00000)]


Current CompileTask:
C2:  21561 5400       4       org.objectweb.asm.Frame::execute (2318 bytes)

Stack: [0x00000078a2c00000,0x00000078a2d00000]
Native frames: (J=compiled Java code, j=interpreted, Vv=VM code, C=native code)
V  [jvm.dll+0x5ecfaa]
V  [jvm.dll+0x722bd5]
V  [jvm.dll+0x72412d]
V  [jvm.dll+0x7247e3]
V  [jvm.dll+0x242928]
V  [jvm.dll+0xbc4fc]
V  [jvm.dll+0xbca0c]
V  [jvm.dll+0x2b4fd4]
V  [jvm.dll+0x506028]
V  [jvm.dll+0x203253]
V  [jvm.dll+0x1fd07c]
V  [jvm.dll+0x1fa77f]
V  [jvm.dll+0x18354c]
V  [jvm.dll+0x208ee7]
V  [jvm.dll+0x207731]
V  [jvm.dll+0x6eb1cf]
V  [jvm.dll+0x6e3d45]
V  [jvm.dll+0x5ebe96]
C  [ucrtbase.dll+0x21bb2]
C  [KERNEL32.DLL+0x17034]
C  [ntdll.dll+0x52651]


---------------  P R O C E S S  ---------------

Threads class SMR info:
_java_thread_list=0x0000018a40eba030, length=156, elements={
0x0000018a21125800, 0x0000018a3a27b000, 0x0000018a3a27c000, 0x0000018a3ac13800,
0x0000018a3a29b800, 0x0000018a3a29c800, 0x0000018a3a2a2000, 0x0000018a3a2a9800,
0x0000018a3a2bb000, 0x0000018a3ad65000, 0x0000018a3c99e800, 0x0000018a3cf9b800,
0x0000018a3b673800, 0x0000018a3aeae000, 0x0000018a3aeb2000, 0x0000018a3aeaf000,
0x0000018a3aeb1000, 0x0000018a3aead000, 0x0000018a3aeb0800, 0x0000018a3aeb3000,
0x0000018a3aeb3800, 0x0000018a3aeaf800, 0x0000018a3af04800, 0x0000018a3af06000,
0x0000018a3af01000, 0x0000018a3af02000, 0x0000018a3af05000, 0x0000018a3af00800,
0x0000018a3af07800, 0x0000018a3af03800, 0x0000018a3af03000, 0x0000018a3af0a000,
0x0000018a3af0f000, 0x0000018a3af0e000, 0x0000018a3af0c800, 0x0000018a3af09800,
0x0000018a3af0c000, 0x0000018a3af0d800, 0x0000018a3af0b000, 0x0000018a3d369000,
0x0000018a3d36e000, 0x0000018a3d36e800, 0x0000018a3d36f800, 0x0000018a3d36a800,
0x0000018a3d369800, 0x0000018a3d370000, 0x0000018a3d371000, 0x0000018a3d36b800,
0x0000018a3d372000, 0x0000018a3d36c000, 0x0000018a3d372800, 0x0000018a3d36d000,
0x0000018a3d375000, 0x0000018a3d373800, 0x0000018a3d374800, 0x0000018a3d376000,
0x0000018a3d376800, 0x0000018a3d377800, 0x0000018a3d3c6800, 0x0000018a3d3c5800,
0x0000018a3d3c1800, 0x0000018a3d3c3000, 0x0000018a3d3c0800, 0x0000018a3d3c8000,
0x0000018a3d3c4800, 0x0000018a3d3c2800, 0x0000018a3d3c7000, 0x0000018a3d3c4000,
0x0000018a3d3c9000, 0x0000018a3d3ca800, 0x0000018a3d3c9800, 0x0000018a3d3ce800,
0x0000018a3d3cb800, 0x0000018a3d3cc000, 0x0000018a3d3cd800, 0x0000018a3d3cd000,
0x0000018a3d3cf800, 0x0000018a3d316800, 0x0000018a3d314000, 0x0000018a3d311000,
0x0000018a3d311800, 0x0000018a3d313800, 0x0000018a3d317800, 0x0000018a3d315000,
0x0000018a3d318000, 0x0000018a3d312800, 0x0000018a3d31a000, 0x0000018a3d31b800,
0x0000018a3d31a800, 0x0000018a3d315800, 0x0000018a3d31e000, 0x0000018a3d31e800,
0x0000018a3d319000, 0x0000018a3d31c800, 0x0000018a3d31d000, 0x0000018a3d31f800,
0x0000018a3f6d3000, 0x0000018a3f6d1800, 0x0000018a3f6d8000, 0x0000018a3f6d5000,
0x0000018a3f6d5800, 0x0000018a3f6d7800, 0x0000018a3f6d2800, 0x0000018a3f6d9800,
0x0000018a3f6d9000, 0x0000018a3f6d6800, 0x0000018a3f6d4000, 0x0000018a3f6dc000,
0x0000018a3f6db800, 0x0000018a3f6da800, 0x0000018a3f6dd000, 0x0000018a3f6de000,
0x0000018a3f6df800, 0x0000018a3f6de800, 0x0000018a3f6e0000, 0x0000018a3f83e800,
0x0000018a3f83d000, 0x0000018a3f83c000, 0x0000018a3f841000, 0x0000018a3f83d800,
0x0000018a3f842800, 0x0000018a3f840000, 0x0000018a3f841800, 0x0000018a3f845000,
0x0000018a3f83f000, 0x0000018a3f844000, 0x0000018a3f846000, 0x0000018a3f848000,
0x0000018a3f847800, 0x0000018a3f843800, 0x0000018a3f849000, 0x0000018a3f84a800,
0x0000018a3f846800, 0x0000018a3f84a000, 0x0000018a3f7b6000, 0x0000018a3f7bb000,
0x0000018a3f7b8000, 0x0000018a3f7b9800, 0x0000018a3f7bc000, 0x0000018a3f7b8800,
0x0000018a3f7ba000, 0x0000018a3f7bc800, 0x0000018a3f7b7000, 0x0000018a3f7c0800,
0x0000018a3f7c1800, 0x0000018a3f7c3000, 0x0000018a3f7bd800, 0x0000018a3f7bf000,
0x0000018a3f7be800, 0x0000018a3f7c4000, 0x0000018a3f7c0000, 0x0000018a3f7c2800,
0x0000018a3f7c5000, 0x0000018a3f7cc000, 0x0000018a3f7c7000, 0x0000018a3f7cb000
}

Java Threads: ( => current thread )
  0x0000018a21125800 JavaThread "main" [_thread_blocked, id=14324, stack(0x00000078a2000000,0x00000078a2100000)]
  0x0000018a3a27b000 JavaThread "Reference Handler" daemon [_thread_blocked, id=18504, stack(0x00000078a2700000,0x00000078a2800000)]
  0x0000018a3a27c000 JavaThread "Finalizer" daemon [_thread_blocked, id=22396, stack(0x00000078a2800000,0x00000078a2900000)]
  0x0000018a3ac13800 JavaThread "Signal Dispatcher" daemon [_thread_blocked, id=19596, stack(0x00000078a2900000,0x00000078a2a00000)]
  0x0000018a3a29b800 JavaThread "Attach Listener" daemon [_thread_blocked, id=14780, stack(0x00000078a2a00000,0x00000078a2b00000)]
  0x0000018a3a29c800 JavaThread "Service Thread" daemon [_thread_blocked, id=21308, stack(0x00000078a2b00000,0x00000078a2c00000)]
=>0x0000018a3a2a2000 JavaThread "C2 CompilerThread0" daemon [_thread_in_native, id=13756, stack(0x00000078a2c00000,0x00000078a2d00000)]
  0x0000018a3a2a9800 JavaThread "C1 CompilerThread0" daemon [_thread_blocked, id=8632, stack(0x00000078a2d00000,0x00000078a2e00000)]
  0x0000018a3a2bb000 JavaThread "Sweeper thread" daemon [_thread_blocked, id=3024, stack(0x00000078a2e00000,0x00000078a2f00000)]
  0x0000018a3ad65000 JavaThread "Common-Cleaner" daemon [_thread_blocked, id=6212, stack(0x00000078a2f00000,0x00000078a3000000)]
  0x0000018a3c99e800 JavaThread "Daemon health stats" [_thread_blocked, id=11220, stack(0x00000078a3200000,0x00000078a3300000)]
  0x0000018a3cf9b800 JavaThread "Incoming local TCP Connector on port 50116" [_thread_in_native, id=12376, stack(0x00000078a3500000,0x00000078a3600000)]
  0x0000018a3b673800 JavaThread "Daemon periodic checks" [_thread_blocked, id=21996, stack(0x00000078a3600000,0x00000078a3700000)]
  0x0000018a3aeae000 JavaThread "Daemon" [_thread_blocked, id=22304, stack(0x00000078a3700000,0x00000078a3800000)]
  0x0000018a3aeb2000 JavaThread "Handler for socket connection from /127.0.0.1:50116 to /127.0.0.1:50117" [_thread_in_native, id=15164, stack(0x00000078a3800000,0x00000078a3900000)]
  0x0000018a3aeaf000 JavaThread "Cancel handler" [_thread_blocked, id=1804, stack(0x00000078a3900000,0x00000078a3a00000)]
  0x0000018a3aeb1000 JavaThread "Daemon worker" [_thread_in_Java, id=17548, stack(0x00000078a3a00000,0x00000078a3b00000)]
  0x0000018a3aead000 JavaThread "Asynchronous log dispatcher for DefaultDaemonConnection: socket connection from /127.0.0.1:50116 to /127.0.0.1:50117" [_thread_blocked, id=15564, stack(0x00000078a3b00000,0x00000078a3c00000)]
  0x0000018a3aeb0800 JavaThread "Stdin handler" [_thread_blocked, id=12352, stack(0x00000078a3c00000,0x00000078a3d00000)]
  0x0000018a3aeb3000 JavaThread "Thread-8" [_thread_blocked, id=19272, stack(0x00000078a3d00000,0x00000078a3e00000)]
  0x0000018a3aeb3800 JavaThread "Cache worker for file hash cache (C:\Users\Marc\.gradle\caches\6.7\fileHashes)" [_thread_blocked, id=19376, stack(0x00000078a4500000,0x00000078a4600000)]
  0x0000018a3aeaf800 JavaThread "File lock request listener" [_thread_in_native, id=14104, stack(0x00000078a4600000,0x00000078a4700000)]
  0x0000018a3af04800 JavaThread "Cache worker for journal cache (C:\Users\Marc\.gradle\caches\journal-1)" [_thread_blocked, id=17640, stack(0x00000078a4700000,0x00000078a4800000)]
  0x0000018a3af06000 JavaThread "Cache worker for file hash cache (D:\dev\paalala\android\.gradle\6.7\fileHashes)" [_thread_blocked, id=17500, stack(0x00000078a4900000,0x00000078a4a00000)]
  0x0000018a3af01000 JavaThread "Cache worker for checksums cache (D:\dev\paalala\android\.gradle\checksums)" [_thread_blocked, id=22508, stack(0x00000078a4a00000,0x00000078a4b00000)]
  0x0000018a3af02000 JavaThread "Cache worker for cache directory md-supplier (C:\Users\Marc\.gradle\caches\6.7\md-supplier)" [_thread_blocked, id=16896, stack(0x00000078a4b00000,0x00000078a4c00000)]
  0x0000018a3af05000 JavaThread "Cache worker for cache directory md-rule (C:\Users\Marc\.gradle\caches\6.7\md-rule)" [_thread_blocked, id=12452, stack(0x00000078a4c00000,0x00000078a4d00000)]
  0x0000018a3af00800 JavaThread "Cache worker for execution history cache (C:\Users\Marc\.gradle\caches\6.7\executionHistory)" [_thread_blocked, id=19288, stack(0x00000078a4d00000,0x00000078a4e00000)]
  0x0000018a3af07800 JavaThread "jar transforms" [_thread_blocked, id=9840, stack(0x00000078a4e00000,0x00000078a4f00000)]
  0x0000018a3af03800 JavaThread "Cache worker for file content cache (C:\Users\Marc\.gradle\caches\6.7\fileContent)" [_thread_blocked, id=3112, stack(0x00000078a4f00000,0x00000078a5000000)]
  0x0000018a3af03000 JavaThread "Cache worker for Build Output Cleanup Cache (D:\dev\paalala\android\.gradle\buildOutputCleanup)" [_thread_blocked, id=11628, stack(0x00000078a5000000,0x00000078a5100000)]
  0x0000018a3af0a000 JavaThread "Build operations" [_thread_blocked, id=928, stack(0x00000078a5100000,0x00000078a5200000)]
  0x0000018a3af0f000 JavaThread "Build operations Thread 2" [_thread_blocked, id=22380, stack(0x00000078a5200000,0x00000078a5300000)]
  0x0000018a3af0e000 JavaThread "Build operations Thread 3" [_thread_blocked, id=14764, stack(0x00000078a5300000,0x00000078a5400000)]
  0x0000018a3af0c800 JavaThread "Build operations Thread 4" [_thread_blocked, id=17676, stack(0x00000078a5400000,0x00000078a5500000)]
  0x0000018a3af09800 JavaThread "Build operations Thread 5" [_thread_blocked, id=2108, stack(0x00000078a5500000,0x00000078a5600000)]
  0x0000018a3af0c000 JavaThread "Build operations Thread 6" [_thread_blocked, id=22376, stack(0x00000078a5600000,0x00000078a5700000)]
  0x0000018a3af0d800 JavaThread "Build operations Thread 7" [_thread_blocked, id=19056, stack(0x00000078a5700000,0x00000078a5800000)]
  0x0000018a3af0b000 JavaThread "Build operations Thread 8" [_thread_blocked, id=18404, stack(0x00000078a5800000,0x00000078a5900000)]
  0x0000018a3d369000 JavaThread "jar transforms Thread 2" [_thread_blocked, id=19292, stack(0x00000078a5900000,0x00000078a5a00000)]
  0x0000018a3d36e000 JavaThread "jar transforms Thread 3" [_thread_blocked, id=22116, stack(0x00000078a5a00000,0x00000078a5b00000)]
  0x0000018a3d36e800 JavaThread "jar transforms Thread 4" [_thread_blocked, id=17248, stack(0x00000078a5b00000,0x00000078a5c00000)]
  0x0000018a3d36f800 JavaThread "jar transforms Thread 5" [_thread_blocked, id=21488, stack(0x00000078a5c00000,0x00000078a5d00000)]
  0x0000018a3d36a800 JavaThread "jar transforms Thread 6" [_thread_blocked, id=4296, stack(0x00000078a5d00000,0x00000078a5e00000)]
  0x0000018a3d369800 JavaThread "jar transforms Thread 7" [_thread_blocked, id=12480, stack(0x00000078a5e00000,0x00000078a5f00000)]
  0x0000018a3d370000 JavaThread "jar transforms Thread 8" [_thread_blocked, id=13972, stack(0x00000078a5f00000,0x00000078a6000000)]
  0x0000018a3d371000 JavaThread "jar transforms Thread 9" [_thread_blocked, id=1584, stack(0x00000078a6000000,0x00000078a6100000)]
  0x0000018a3d36b800 JavaThread "jar transforms Thread 10" [_thread_blocked, id=6704, stack(0x00000078a6100000,0x00000078a6200000)]
  0x0000018a3d372000 JavaThread "jar transforms Thread 11" [_thread_blocked, id=9204, stack(0x00000078a6200000,0x00000078a6300000)]
  0x0000018a3d36c000 JavaThread "jar transforms Thread 12" [_thread_blocked, id=21704, stack(0x00000078a6300000,0x00000078a6400000)]
  0x0000018a3d372800 JavaThread "jar transforms Thread 13" [_thread_blocked, id=5176, stack(0x00000078a6400000,0x00000078a6500000)]
  0x0000018a3d36d000 JavaThread "jar transforms Thread 14" [_thread_blocked, id=17688, stack(0x00000078a6500000,0x00000078a6600000)]
  0x0000018a3d375000 JavaThread "jar transforms Thread 15" [_thread_blocked, id=15996, stack(0x00000078a6600000,0x00000078a6700000)]
  0x0000018a3d373800 JavaThread "jar transforms Thread 16" [_thread_blocked, id=11708, stack(0x00000078a6700000,0x00000078a6800000)]
  0x0000018a3d374800 JavaThread "jar transforms Thread 17" [_thread_blocked, id=8236, stack(0x00000078a6800000,0x00000078a6900000)]
  0x0000018a3d376000 JavaThread "jar transforms Thread 18" [_thread_blocked, id=11372, stack(0x00000078a6900000,0x00000078a6a00000)]
  0x0000018a3d376800 JavaThread "jar transforms Thread 19" [_thread_blocked, id=12844, stack(0x00000078a6a00000,0x00000078a6b00000)]
  0x0000018a3d377800 JavaThread "jar transforms Thread 20" [_thread_blocked, id=22416, stack(0x00000078a6b00000,0x00000078a6c00000)]
  0x0000018a3d3c6800 JavaThread "jar transforms Thread 21" [_thread_blocked, id=16844, stack(0x00000078a6c00000,0x00000078a6d00000)]
  0x0000018a3d3c5800 JavaThread "jar transforms Thread 22" [_thread_blocked, id=14416, stack(0x00000078a6d00000,0x00000078a6e00000)]
  0x0000018a3d3c1800 JavaThread "jar transforms Thread 23" [_thread_blocked, id=6124, stack(0x00000078a6e00000,0x00000078a6f00000)]
  0x0000018a3d3c3000 JavaThread "jar transforms Thread 24" [_thread_blocked, id=16044, stack(0x00000078a6f00000,0x00000078a7000000)]
  0x0000018a3d3c0800 JavaThread "jar transforms Thread 25" [_thread_blocked, id=3600, stack(0x00000078a7000000,0x00000078a7100000)]
  0x0000018a3d3c8000 JavaThread "jar transforms Thread 26" [_thread_blocked, id=17772, stack(0x00000078a7100000,0x00000078a7200000)]
  0x0000018a3d3c4800 JavaThread "jar transforms Thread 27" [_thread_blocked, id=14592, stack(0x00000078a7200000,0x00000078a7300000)]
  0x0000018a3d3c2800 JavaThread "jar transforms Thread 28" [_thread_blocked, id=8184, stack(0x00000078a7300000,0x00000078a7400000)]
  0x0000018a3d3c7000 JavaThread "jar transforms Thread 29" [_thread_blocked, id=9800, stack(0x00000078a7400000,0x00000078a7500000)]
  0x0000018a3d3c4000 JavaThread "jar transforms Thread 30" [_thread_blocked, id=5172, stack(0x00000078a7500000,0x00000078a7600000)]
  0x0000018a3d3c9000 JavaThread "jar transforms Thread 31" [_thread_blocked, id=10480, stack(0x00000078a7600000,0x00000078a7700000)]
  0x0000018a3d3ca800 JavaThread "jar transforms Thread 32" [_thread_blocked, id=16968, stack(0x00000078a7700000,0x00000078a7800000)]
  0x0000018a3d3c9800 JavaThread "jar transforms Thread 33" [_thread_blocked, id=15816, stack(0x00000078a7800000,0x00000078a7900000)]
  0x0000018a3d3ce800 JavaThread "jar transforms Thread 34" [_thread_blocked, id=19452, stack(0x00000078a7900000,0x00000078a7a00000)]
  0x0000018a3d3cb800 JavaThread "jar transforms Thread 35" [_thread_blocked, id=13432, stack(0x00000078a7a00000,0x00000078a7b00000)]
  0x0000018a3d3cc000 JavaThread "jar transforms Thread 36" [_thread_blocked, id=21284, stack(0x00000078a7b00000,0x00000078a7c00000)]
  0x0000018a3d3cd800 JavaThread "jar transforms Thread 37" [_thread_blocked, id=2196, stack(0x00000078a7c00000,0x00000078a7d00000)]
  0x0000018a3d3cd000 JavaThread "jar transforms Thread 38" [_thread_blocked, id=22164, stack(0x00000078a7d00000,0x00000078a7e00000)]
  0x0000018a3d3cf800 JavaThread "jar transforms Thread 39" [_thread_blocked, id=1784, stack(0x00000078a7e00000,0x00000078a7f00000)]
  0x0000018a3d316800 JavaThread "jar transforms Thread 40" [_thread_blocked, id=10868, stack(0x00000078a7f00000,0x00000078a8000000)]
  0x0000018a3d314000 JavaThread "jar transforms Thread 41" [_thread_blocked, id=2672, stack(0x00000078a8000000,0x00000078a8100000)]
  0x0000018a3d311000 JavaThread "jar transforms Thread 42" [_thread_blocked, id=16972, stack(0x00000078a8100000,0x00000078a8200000)]
  0x0000018a3d311800 JavaThread "jar transforms Thread 43" [_thread_blocked, id=18536, stack(0x00000078a8200000,0x00000078a8300000)]
  0x0000018a3d313800 JavaThread "jar transforms Thread 44" [_thread_blocked, id=21172, stack(0x00000078a8300000,0x00000078a8400000)]
  0x0000018a3d317800 JavaThread "jar transforms Thread 45" [_thread_blocked, id=14456, stack(0x00000078a8400000,0x00000078a8500000)]
  0x0000018a3d315000 JavaThread "jar transforms Thread 46" [_thread_blocked, id=17388, stack(0x00000078a8500000,0x00000078a8600000)]
  0x0000018a3d318000 JavaThread "jar transforms Thread 47" [_thread_blocked, id=1628, stack(0x00000078a8600000,0x00000078a8700000)]
  0x0000018a3d312800 JavaThread "jar transforms Thread 48" [_thread_blocked, id=20508, stack(0x00000078a8700000,0x00000078a8800000)]
  0x0000018a3d31a000 JavaThread "jar transforms Thread 49" [_thread_blocked, id=6220, stack(0x00000078a8800000,0x00000078a8900000)]
  0x0000018a3d31b800 JavaThread "jar transforms Thread 50" [_thread_blocked, id=20540, stack(0x00000078a8900000,0x00000078a8a00000)]
  0x0000018a3d31a800 JavaThread "jar transforms Thread 51" [_thread_blocked, id=2684, stack(0x00000078a8a00000,0x00000078a8b00000)]
  0x0000018a3d315800 JavaThread "jar transforms Thread 52" [_thread_blocked, id=21716, stack(0x00000078a8b00000,0x00000078a8c00000)]
  0x0000018a3d31e000 JavaThread "jar transforms Thread 53" [_thread_blocked, id=12208, stack(0x00000078a8c00000,0x00000078a8d00000)]
  0x0000018a3d31e800 JavaThread "jar transforms Thread 54" [_thread_blocked, id=2680, stack(0x00000078a8d00000,0x00000078a8e00000)]
  0x0000018a3d319000 JavaThread "jar transforms Thread 55" [_thread_blocked, id=2348, stack(0x00000078a8e00000,0x00000078a8f00000)]
  0x0000018a3d31c800 JavaThread "jar transforms Thread 56" [_thread_blocked, id=6860, stack(0x00000078a8f00000,0x00000078a9000000)]
  0x0000018a3d31d000 JavaThread "jar transforms Thread 57" [_thread_blocked, id=21708, stack(0x00000078a9000000,0x00000078a9100000)]
  0x0000018a3d31f800 JavaThread "jar transforms Thread 58" [_thread_blocked, id=15668, stack(0x00000078a9100000,0x00000078a9200000)]
  0x0000018a3f6d3000 JavaThread "jar transforms Thread 59" [_thread_blocked, id=17476, stack(0x00000078a9200000,0x00000078a9300000)]
  0x0000018a3f6d1800 JavaThread "jar transforms Thread 60" [_thread_blocked, id=15156, stack(0x00000078a9300000,0x00000078a9400000)]
  0x0000018a3f6d8000 JavaThread "jar transforms Thread 61" [_thread_blocked, id=2896, stack(0x00000078a9400000,0x00000078a9500000)]
  0x0000018a3f6d5000 JavaThread "jar transforms Thread 62" [_thread_blocked, id=11624, stack(0x00000078a9500000,0x00000078a9600000)]
  0x0000018a3f6d5800 JavaThread "jar transforms Thread 63" [_thread_blocked, id=22120, stack(0x00000078a9600000,0x00000078a9700000)]
  0x0000018a3f6d7800 JavaThread "jar transforms Thread 64" [_thread_blocked, id=20500, stack(0x00000078a9700000,0x00000078a9800000)]
  0x0000018a3f6d2800 JavaThread "jar transforms Thread 65" [_thread_blocked, id=21928, stack(0x00000078a9800000,0x00000078a9900000)]
  0x0000018a3f6d9800 JavaThread "jar transforms Thread 66" [_thread_blocked, id=11084, stack(0x00000078a9900000,0x00000078a9a00000)]
  0x0000018a3f6d9000 JavaThread "jar transforms Thread 67" [_thread_blocked, id=19812, stack(0x00000078a9a00000,0x00000078a9b00000)]
  0x0000018a3f6d6800 JavaThread "jar transforms Thread 68" [_thread_blocked, id=20848, stack(0x00000078a9b00000,0x00000078a9c00000)]
  0x0000018a3f6d4000 JavaThread "jar transforms Thread 69" [_thread_blocked, id=11292, stack(0x00000078a9c00000,0x00000078a9d00000)]
  0x0000018a3f6dc000 JavaThread "jar transforms Thread 70" [_thread_blocked, id=12988, stack(0x00000078a9d00000,0x00000078a9e00000)]
  0x0000018a3f6db800 JavaThread "jar transforms Thread 71" [_thread_blocked, id=13892, stack(0x00000078a9e00000,0x00000078a9f00000)]
  0x0000018a3f6da800 JavaThread "jar transforms Thread 72" [_thread_blocked, id=4620, stack(0x00000078a9f00000,0x00000078aa000000)]
  0x0000018a3f6dd000 JavaThread "jar transforms Thread 73" [_thread_blocked, id=20420, stack(0x00000078aa000000,0x00000078aa100000)]
  0x0000018a3f6de000 JavaThread "jar transforms Thread 74" [_thread_blocked, id=2636, stack(0x00000078aa100000,0x00000078aa200000)]
  0x0000018a3f6df800 JavaThread "jar transforms Thread 75" [_thread_blocked, id=13512, stack(0x00000078aa200000,0x00000078aa300000)]
  0x0000018a3f6de800 JavaThread "jar transforms Thread 76" [_thread_blocked, id=19352, stack(0x00000078aa300000,0x00000078aa400000)]
  0x0000018a3f6e0000 JavaThread "jar transforms Thread 77" [_thread_blocked, id=22156, stack(0x00000078aa400000,0x00000078aa500000)]
  0x0000018a3f83e800 JavaThread "jar transforms Thread 78" [_thread_blocked, id=16808, stack(0x00000078aa500000,0x00000078aa600000)]
  0x0000018a3f83d000 JavaThread "jar transforms Thread 79" [_thread_blocked, id=20996, stack(0x00000078aa600000,0x00000078aa700000)]
  0x0000018a3f83c000 JavaThread "jar transforms Thread 80" [_thread_blocked, id=1472, stack(0x00000078aa700000,0x00000078aa800000)]
  0x0000018a3f841000 JavaThread "jar transforms Thread 81" [_thread_blocked, id=22476, stack(0x00000078aa800000,0x00000078aa900000)]
  0x0000018a3f83d800 JavaThread "jar transforms Thread 82" [_thread_blocked, id=14524, stack(0x00000078aa900000,0x00000078aaa00000)]
  0x0000018a3f842800 JavaThread "jar transforms Thread 83" [_thread_blocked, id=21668, stack(0x00000078aaa00000,0x00000078aab00000)]
  0x0000018a3f840000 JavaThread "jar transforms Thread 84" [_thread_blocked, id=13168, stack(0x00000078aab00000,0x00000078aac00000)]
  0x0000018a3f841800 JavaThread "jar transforms Thread 85" [_thread_blocked, id=17356, stack(0x00000078aac00000,0x00000078aad00000)]
  0x0000018a3f845000 JavaThread "jar transforms Thread 86" [_thread_blocked, id=3556, stack(0x00000078aad00000,0x00000078aae00000)]
  0x0000018a3f83f000 JavaThread "jar transforms Thread 87" [_thread_blocked, id=10140, stack(0x00000078aae00000,0x00000078aaf00000)]
  0x0000018a3f844000 JavaThread "jar transforms Thread 88" [_thread_blocked, id=5136, stack(0x00000078aaf00000,0x00000078ab000000)]
  0x0000018a3f846000 JavaThread "jar transforms Thread 89" [_thread_blocked, id=12960, stack(0x00000078ab000000,0x00000078ab100000)]
  0x0000018a3f848000 JavaThread "jar transforms Thread 90" [_thread_blocked, id=3736, stack(0x00000078ab100000,0x00000078ab200000)]
  0x0000018a3f847800 JavaThread "jar transforms Thread 91" [_thread_blocked, id=16912, stack(0x00000078ab200000,0x00000078ab300000)]
  0x0000018a3f843800 JavaThread "jar transforms Thread 92" [_thread_blocked, id=8492, stack(0x00000078ab300000,0x00000078ab400000)]
  0x0000018a3f849000 JavaThread "jar transforms Thread 93" [_thread_blocked, id=2272, stack(0x00000078ab400000,0x00000078ab500000)]
  0x0000018a3f84a800 JavaThread "jar transforms Thread 94" [_thread_blocked, id=17148, stack(0x00000078ab500000,0x00000078ab600000)]
  0x0000018a3f846800 JavaThread "jar transforms Thread 95" [_thread_blocked, id=4716, stack(0x00000078ab600000,0x00000078ab700000)]
  0x0000018a3f84a000 JavaThread "jar transforms Thread 96" [_thread_blocked, id=12400, stack(0x00000078ab700000,0x00000078ab800000)]
  0x0000018a3f7b6000 JavaThread "jar transforms Thread 97" [_thread_blocked, id=4996, stack(0x00000078ab800000,0x00000078ab900000)]
  0x0000018a3f7bb000 JavaThread "jar transforms Thread 98" [_thread_blocked, id=17360, stack(0x00000078ab900000,0x00000078aba00000)]
  0x0000018a3f7b8000 JavaThread "jar transforms Thread 99" [_thread_blocked, id=11712, stack(0x00000078aba00000,0x00000078abb00000)]
  0x0000018a3f7b9800 JavaThread "jar transforms Thread 100" [_thread_blocked, id=11048, stack(0x00000078abb00000,0x00000078abc00000)]
  0x0000018a3f7bc000 JavaThread "jar transforms Thread 101" [_thread_blocked, id=12276, stack(0x00000078abc00000,0x00000078abd00000)]
  0x0000018a3f7b8800 JavaThread "jar transforms Thread 102" [_thread_blocked, id=19152, stack(0x00000078abd00000,0x00000078abe00000)]
  0x0000018a3f7ba000 JavaThread "jar transforms Thread 103" [_thread_blocked, id=7840, stack(0x00000078abe00000,0x00000078abf00000)]
  0x0000018a3f7bc800 JavaThread "jar transforms Thread 104" [_thread_blocked, id=7316, stack(0x00000078abf00000,0x00000078ac000000)]
  0x0000018a3f7b7000 JavaThread "jar transforms Thread 105" [_thread_blocked, id=17820, stack(0x00000078ac000000,0x00000078ac100000)]
  0x0000018a3f7c0800 JavaThread "jar transforms Thread 106" [_thread_blocked, id=21576, stack(0x00000078ac100000,0x00000078ac200000)]
  0x0000018a3f7c1800 JavaThread "jar transforms Thread 107" [_thread_blocked, id=13396, stack(0x00000078ac200000,0x00000078ac300000)]
  0x0000018a3f7c3000 JavaThread "jar transforms Thread 108" [_thread_blocked, id=11036, stack(0x00000078ac300000,0x00000078ac400000)]
  0x0000018a3f7bd800 JavaThread "jar transforms Thread 109" [_thread_blocked, id=17544, stack(0x00000078ac400000,0x00000078ac500000)]
  0x0000018a3f7bf000 JavaThread "jar transforms Thread 110" [_thread_blocked, id=2676, stack(0x00000078ac500000,0x00000078ac600000)]
  0x0000018a3f7be800 JavaThread "jar transforms Thread 111" [_thread_blocked, id=16060, stack(0x00000078ac600000,0x00000078ac700000)]
  0x0000018a3f7c4000 JavaThread "jar transforms Thread 112" [_thread_blocked, id=19736, stack(0x00000078ac700000,0x00000078ac800000)]
  0x0000018a3f7c0000 JavaThread "jar transforms Thread 113" [_thread_blocked, id=3660, stack(0x00000078ac800000,0x00000078ac900000)]
  0x0000018a3f7c2800 JavaThread "jar transforms Thread 114" [_thread_blocked, id=17928, stack(0x00000078ac900000,0x00000078aca00000)]
  0x0000018a3f7c5000 JavaThread "jar transforms Thread 115" [_thread_blocked, id=22460, stack(0x00000078aca00000,0x00000078acb00000)]
  0x0000018a3f7cc000 JavaThread "jar transforms Thread 116" [_thread_blocked, id=8992, stack(0x00000078acb00000,0x00000078acc00000)]
  0x0000018a3f7c7000 JavaThread "Memory manager" [_thread_blocked, id=12956, stack(0x00000078acc00000,0x00000078acd00000)]
  0x0000018a3f7cb000 JavaThread "build event listener" [_thread_blocked, id=19796, stack(0x00000078acd00000,0x00000078ace00000)]

Other Threads:
  0x0000018a3a256000 VMThread "VM Thread" [stack: 0x00000078a2600000,0x00000078a2700000] [id=11252]
  0x0000018a3ad73000 WatcherThread [stack: 0x00000078a3000000,0x00000078a3100000] [id=15524]
  0x0000018a21137800 GCTaskThread "GC Thread#0" [stack: 0x00000078a2100000,0x00000078a2200000] [id=17732]
  0x0000018a3ba21000 GCTaskThread "GC Thread#1" [stack: 0x00000078a3100000,0x00000078a3200000] [id=16304]
  0x0000018a3c5fc000 GCTaskThread "GC Thread#2" [stack: 0x00000078a3e00000,0x00000078a3f00000] [id=20232]
  0x0000018a3b9ff800 GCTaskThread "GC Thread#3" [stack: 0x00000078a3f00000,0x00000078a4000000] [id=9764]
  0x0000018a3c1e6000 GCTaskThread "GC Thread#4" [stack: 0x00000078a4000000,0x00000078a4100000] [id=2876]
  0x0000018a3b67a000 GCTaskThread "GC Thread#5" [stack: 0x00000078a4100000,0x00000078a4200000] [id=22452]
  0x0000018a3cd69000 GCTaskThread "GC Thread#6" [stack: 0x00000078a4200000,0x00000078a4300000] [id=12648]
  0x0000018a3b9fc800 GCTaskThread "GC Thread#7" [stack: 0x00000078a4300000,0x00000078a4400000] [id=20832]
  0x0000018a2115d800 ConcurrentGCThread "G1 Main Marker" [stack: 0x00000078a2200000,0x00000078a2300000] [id=13868]
  0x0000018a21160800 ConcurrentGCThread "G1 Conc#0" [stack: 0x00000078a2300000,0x00000078a2400000] [id=4728]
  0x0000018a3bcc8800 ConcurrentGCThread "G1 Conc#1" [stack: 0x00000078a4800000,0x00000078a4900000] [id=3216]
  0x0000018a211ec800 ConcurrentGCThread "G1 Refine#0" [stack: 0x00000078a2400000,0x00000078a2500000] [id=22108]
  0x0000018a3b64e800 ConcurrentGCThread "G1 Refine#1" [stack: 0x00000078a4400000,0x00000078a4500000] [id=4684]
  0x0000018a211ee000 ConcurrentGCThread "G1 Young RemSet Sampling" [stack: 0x00000078a2500000,0x00000078a2600000] [id=21256]

Threads with active compile tasks:
C2 CompilerThread0  21620 5400       4       org.objectweb.asm.Frame::execute (2318 bytes)

VM state:not at safepoint (normal execution)

VM Mutex/Monitor currently owned by a thread: None

Heap address: 0x00000000a0000000, size: 1536 MB, Compressed Oops mode: 32-bit
Narrow klass base: 0x0000000000000000, Narrow klass shift: 3
Compressed class space size: 1073741824 Address: 0x0000000100000000

Heap:
 garbage-first heap   total 114688K, used 62973K [0x00000000a0000000, 0x0000000100000000)
  region size 1024K, 17 young (17408K), 2 survivors (2048K)
 Metaspace       used 61849K, capacity 63229K, committed 63360K, reserved 1103872K
  class space    used 7795K, capacity 8314K, committed 8320K, reserved 1048576K
Heap Regions: E=young(eden), S=young(survivor), O=old, HS=humongous(starts), HC=humongous(continues), CS=collection set, F=free, A=archive, TAMS=top-at-mark-start (previous, next)
|   0|0x00000000a0000000, 0x00000000a0100000, 0x00000000a0100000|100%| O|  |TAMS 0x00000000a0100000, 0x00000000a0000000| Untracked 
|   1|0x00000000a0100000, 0x00000000a0200000, 0x00000000a0200000|100%| O|  |TAMS 0x00000000a0200000, 0x00000000a0100000| Untracked 
|   2|0x00000000a0200000, 0x00000000a0300000, 0x00000000a0300000|100%| O|  |TAMS 0x00000000a0300000, 0x00000000a0200000| Untracked 
|   3|0x00000000a0300000, 0x00000000a0400000, 0x00000000a0400000|100%|HS|  |TAMS 0x00000000a0400000, 0x00000000a0300000| Complete 
|   4|0x00000000a0400000, 0x00000000a0500000, 0x00000000a0500000|100%|HC|  |TAMS 0x00000000a0500000, 0x00000000a0400000| Complete 
|   5|0x00000000a0500000, 0x00000000a0600000, 0x00000000a0600000|100%|HC|  |TAMS 0x00000000a0600000, 0x00000000a0500000| Complete 
|   6|0x00000000a0600000, 0x00000000a0700000, 0x00000000a0700000|100%| O|  |TAMS 0x00000000a0700000, 0x00000000a0600000| Untracked 
|   7|0x00000000a0700000, 0x00000000a0800000, 0x00000000a0800000|100%| O|  |TAMS 0x00000000a0800000, 0x00000000a0700000| Untracked 
|   8|0x00000000a0800000, 0x00000000a0900000, 0x00000000a0900000|100%| O|  |TAMS 0x00000000a0900000, 0x00000000a0800000| Untracked 
|   9|0x00000000a0900000, 0x00000000a0a00000, 0x00000000a0a00000|100%| O|  |TAMS 0x00000000a0a00000, 0x00000000a0900000| Untracked 
|  10|0x00000000a0a00000, 0x00000000a0b00000, 0x00000000a0b00000|100%| O|  |TAMS 0x00000000a0b00000, 0x00000000a0a00000| Untracked 
|  11|0x00000000a0b00000, 0x00000000a0c00000, 0x00000000a0c00000|100%| O|  |TAMS 0x00000000a0c00000, 0x00000000a0b00000| Untracked 
|  12|0x00000000a0c00000, 0x00000000a0d00000, 0x00000000a0d00000|100%| O|  |TAMS 0x00000000a0d00000, 0x00000000a0c00000| Untracked 
|  13|0x00000000a0d00000, 0x00000000a0e00000, 0x00000000a0e00000|100%| O|  |TAMS 0x00000000a0e00000, 0x00000000a0d00000| Untracked 
|  14|0x00000000a0e00000, 0x00000000a0f00000, 0x00000000a0f00000|100%| O|  |TAMS 0x00000000a0f00000, 0x00000000a0e00000| Untracked 
|  15|0x00000000a0f00000, 0x00000000a1000000, 0x00000000a1000000|100%| O|  |TAMS 0x00000000a1000000, 0x00000000a0f00000| Untracked 
|  16|0x00000000a1000000, 0x00000000a1100000, 0x00000000a1100000|100%| O|  |TAMS 0x00000000a1000000, 0x00000000a1000000| Untracked 
|  17|0x00000000a1100000, 0x00000000a1200000, 0x00000000a1200000|100%|HS|  |TAMS 0x00000000a1100000, 0x00000000a1100000| Complete 
|  18|0x00000000a1200000, 0x00000000a1300000, 0x00000000a1300000|100%|HS|  |TAMS 0x00000000a1200000, 0x00000000a1200000| Complete 
|  19|0x00000000a1300000, 0x00000000a1400000, 0x00000000a1400000|100%| O|  |TAMS 0x00000000a1400000, 0x00000000a1300000| Untracked 
|  20|0x00000000a1400000, 0x00000000a1500000, 0x00000000a1500000|100%| O|  |TAMS 0x00000000a1500000, 0x00000000a1400000| Untracked 
|  21|0x00000000a1500000, 0x00000000a1600000, 0x00000000a1600000|100%| O|  |TAMS 0x00000000a1600000, 0x00000000a1500000| Untracked 
|  22|0x00000000a1600000, 0x00000000a1700000, 0x00000000a1700000|100%| O|  |TAMS 0x00000000a1700000, 0x00000000a1600000| Untracked 
|  23|0x00000000a1700000, 0x00000000a1800000, 0x00000000a1800000|100%| O|  |TAMS 0x00000000a17cb800, 0x00000000a1700000| Untracked 
|  24|0x00000000a1800000, 0x00000000a1900000, 0x00000000a1900000|100%|HS|  |TAMS 0x00000000a1800000, 0x00000000a1800000| Complete 
|  25|0x00000000a1900000, 0x00000000a1a00000, 0x00000000a1a00000|100%|HC|  |TAMS 0x00000000a1900000, 0x00000000a1900000| Complete 
|  26|0x00000000a1a00000, 0x00000000a1b00000, 0x00000000a1b00000|100%|HC|  |TAMS 0x00000000a1a00000, 0x00000000a1a00000| Complete 
|  27|0x00000000a1b00000, 0x00000000a1c00000, 0x00000000a1c00000|100%|HS|  |TAMS 0x00000000a1b00000, 0x00000000a1b00000| Complete 
|  28|0x00000000a1c00000, 0x00000000a1d00000, 0x00000000a1d00000|100%|HC|  |TAMS 0x00000000a1c00000, 0x00000000a1c00000| Complete 
|  29|0x00000000a1d00000, 0x00000000a1e00000, 0x00000000a1e00000|100%| O|  |TAMS 0x00000000a1d00000, 0x00000000a1d00000| Untracked 
|  30|0x00000000a1e00000, 0x00000000a1f00000, 0x00000000a1f00000|100%| O|  |TAMS 0x00000000a1e00000, 0x00000000a1e00000| Untracked 
|  31|0x00000000a1f00000, 0x00000000a2000000, 0x00000000a2000000|100%| O|  |TAMS 0x00000000a1f00000, 0x00000000a1f00000| Untracked 
|  32|0x00000000a2000000, 0x00000000a2100000, 0x00000000a2100000|100%| O|  |TAMS 0x00000000a2000000, 0x00000000a2000000| Untracked 
|  33|0x00000000a2100000, 0x00000000a2200000, 0x00000000a2200000|100%| O|  |TAMS 0x00000000a2100000, 0x00000000a2100000| Untracked 
|  34|0x00000000a2200000, 0x00000000a2300000, 0x00000000a2300000|100%| O|  |TAMS 0x00000000a2200000, 0x00000000a2200000| Untracked 
|  35|0x00000000a2300000, 0x00000000a2400000, 0x00000000a2400000|100%| O|  |TAMS 0x00000000a2300000, 0x00000000a2300000| Untracked 
|  36|0x00000000a2400000, 0x00000000a2500000, 0x00000000a2500000|100%| O|  |TAMS 0x00000000a2400000, 0x00000000a2400000| Untracked 
|  37|0x00000000a2500000, 0x00000000a2600000, 0x00000000a2600000|100%| O|  |TAMS 0x00000000a2500000, 0x00000000a2500000| Untracked 
|  38|0x00000000a2600000, 0x00000000a2700000, 0x00000000a2700000|100%| O|  |TAMS 0x00000000a2600000, 0x00000000a2600000| Untracked 
|  39|0x00000000a2700000, 0x00000000a2800000, 0x00000000a2800000|100%| O|  |TAMS 0x00000000a2700000, 0x00000000a2700000| Untracked 
|  40|0x00000000a2800000, 0x00000000a2900000, 0x00000000a2900000|100%| O|  |TAMS 0x00000000a2800000, 0x00000000a2800000| Untracked 
|  41|0x00000000a2900000, 0x00000000a2a00000, 0x00000000a2a00000|100%| O|  |TAMS 0x00000000a2900000, 0x00000000a2900000| Untracked 
|  42|0x00000000a2a00000, 0x00000000a2a00000, 0x00000000a2b00000|  0%| F|  |TAMS 0x00000000a2a00000, 0x00000000a2a00000| Untracked 
|  43|0x00000000a2b00000, 0x00000000a2c00000, 0x00000000a2c00000|100%| O|  |TAMS 0x00000000a2b00000, 0x00000000a2b00000| Untracked 
|  44|0x00000000a2c00000, 0x00000000a2d00000, 0x00000000a2d00000|100%| O|  |TAMS 0x00000000a2c00000, 0x00000000a2c00000| Untracked 
|  45|0x00000000a2d00000, 0x00000000a2e00000, 0x00000000a2e00000|100%| O|  |TAMS 0x00000000a2d00000, 0x00000000a2d00000| Untracked 
|  46|0x00000000a2e00000, 0x00000000a2e89200, 0x00000000a2f00000| 53%| O|  |TAMS 0x00000000a2e00000, 0x00000000a2e00000| Untracked 
|  47|0x00000000a2f00000, 0x00000000a2f00000, 0x00000000a3000000|  0%| F|  |TAMS 0x00000000a2f00000, 0x00000000a2f00000| Untracked 
|  48|0x00000000a3000000, 0x00000000a3000000, 0x00000000a3100000|  0%| F|  |TAMS 0x00000000a3000000, 0x00000000a3000000| Untracked 
|  49|0x00000000a3100000, 0x00000000a3100000, 0x00000000a3200000|  0%| F|  |TAMS 0x00000000a3100000, 0x00000000a3100000| Untracked 
|  50|0x00000000a3200000, 0x00000000a3200000, 0x00000000a3300000|  0%| F|  |TAMS 0x00000000a3200000, 0x00000000a3200000| Untracked 
|  51|0x00000000a3300000, 0x00000000a3300000, 0x00000000a3400000|  0%| F|  |TAMS 0x00000000a3300000, 0x00000000a3300000| Untracked 
|  52|0x00000000a3400000, 0x00000000a3400000, 0x00000000a3500000|  0%| F|  |TAMS 0x00000000a3400000, 0x00000000a3400000| Untracked 
|  53|0x00000000a3500000, 0x00000000a3500000, 0x00000000a3600000|  0%| F|  |TAMS 0x00000000a3500000, 0x00000000a3500000| Untracked 
|  54|0x00000000a3600000, 0x00000000a3600000, 0x00000000a3700000|  0%| F|  |TAMS 0x00000000a3600000, 0x00000000a3600000| Untracked 
|  55|0x00000000a3700000, 0x00000000a3700000, 0x00000000a3800000|  0%| F|  |TAMS 0x00000000a3700000, 0x00000000a3700000| Untracked 
|  56|0x00000000a3800000, 0x00000000a3800000, 0x00000000a3900000|  0%| F|  |TAMS 0x00000000a3800000, 0x00000000a3800000| Untracked 
|  57|0x00000000a3900000, 0x00000000a3900000, 0x00000000a3a00000|  0%| F|  |TAMS 0x00000000a3900000, 0x00000000a3900000| Untracked 
|  58|0x00000000a3a00000, 0x00000000a3a00000, 0x00000000a3b00000|  0%| F|  |TAMS 0x00000000a3a00000, 0x00000000a3a00000| Untracked 
|  59|0x00000000a3b00000, 0x00000000a3b00000, 0x00000000a3c00000|  0%| F|  |TAMS 0x00000000a3b00000, 0x00000000a3b00000| Untracked 
|  60|0x00000000a3c00000, 0x00000000a3c00000, 0x00000000a3d00000|  0%| F|  |TAMS 0x00000000a3c00000, 0x00000000a3c00000| Untracked 
|  61|0x00000000a3d00000, 0x00000000a3d00000, 0x00000000a3e00000|  0%| F|  |TAMS 0x00000000a3d00000, 0x00000000a3d00000| Untracked 
|  62|0x00000000a3e00000, 0x00000000a3e00000, 0x00000000a3f00000|  0%| F|  |TAMS 0x00000000a3e00000, 0x00000000a3e00000| Untracked 
|  63|0x00000000a3f00000, 0x00000000a3f00000, 0x00000000a4000000|  0%| F|  |TAMS 0x00000000a3f00000, 0x00000000a3f00000| Untracked 
|  64|0x00000000a4000000, 0x00000000a4000000, 0x00000000a4100000|  0%| F|  |TAMS 0x00000000a4000000, 0x00000000a4000000| Untracked 
|  65|0x00000000a4100000, 0x00000000a4100000, 0x00000000a4200000|  0%| F|  |TAMS 0x00000000a4100000, 0x00000000a4100000| Untracked 
|  66|0x00000000a4200000, 0x00000000a4200000, 0x00000000a4300000|  0%| F|  |TAMS 0x00000000a4200000, 0x00000000a4200000| Untracked 
|  67|0x00000000a4300000, 0x00000000a4300000, 0x00000000a4400000|  0%| F|  |TAMS 0x00000000a4300000, 0x00000000a4300000| Untracked 
|  68|0x00000000a4400000, 0x00000000a4400000, 0x00000000a4500000|  0%| F|  |TAMS 0x00000000a4400000, 0x00000000a4400000| Untracked 
|  69|0x00000000a4500000, 0x00000000a4500000, 0x00000000a4600000|  0%| F|  |TAMS 0x00000000a4500000, 0x00000000a4500000| Untracked 
|  70|0x00000000a4600000, 0x00000000a4600000, 0x00000000a4700000|  0%| F|  |TAMS 0x00000000a4600000, 0x00000000a4600000| Untracked 
|  71|0x00000000a4700000, 0x00000000a47f63b0, 0x00000000a4800000| 96%| S|CS|TAMS 0x00000000a4700000, 0x00000000a4700000| Complete 
|  72|0x00000000a4800000, 0x00000000a4900000, 0x00000000a4900000|100%| S|CS|TAMS 0x00000000a4800000, 0x00000000a4800000| Complete 
|  73|0x00000000a4900000, 0x00000000a4900000, 0x00000000a4a00000|  0%| F|  |TAMS 0x00000000a4900000, 0x00000000a4900000| Untracked 
|  74|0x00000000a4a00000, 0x00000000a4a00000, 0x00000000a4b00000|  0%| F|  |TAMS 0x00000000a4a00000, 0x00000000a4a00000| Untracked 
|  75|0x00000000a4b00000, 0x00000000a4b00000, 0x00000000a4c00000|  0%| F|  |TAMS 0x00000000a4b00000, 0x00000000a4b00000| Untracked 
|  76|0x00000000a4c00000, 0x00000000a4c00000, 0x00000000a4d00000|  0%| F|  |TAMS 0x00000000a4c00000, 0x00000000a4c00000| Untracked 
|  77|0x00000000a4d00000, 0x00000000a4d00000, 0x00000000a4e00000|  0%| F|  |TAMS 0x00000000a4d00000, 0x00000000a4d00000| Untracked 
|  78|0x00000000a4e00000, 0x00000000a4e00000, 0x00000000a4f00000|  0%| F|  |TAMS 0x00000000a4e00000, 0x00000000a4e00000| Untracked 
|  79|0x00000000a4f00000, 0x00000000a4f00000, 0x00000000a5000000|  0%| F|  |TAMS 0x00000000a4f00000, 0x00000000a4f00000| Untracked 
|  80|0x00000000a5000000, 0x00000000a5000000, 0x00000000a5100000|  0%| F|  |TAMS 0x00000000a5000000, 0x00000000a5000000| Untracked 
|  81|0x00000000a5100000, 0x00000000a5100000, 0x00000000a5200000|  0%| F|  |TAMS 0x00000000a5100000, 0x00000000a5100000| Untracked 
|  82|0x00000000a5200000, 0x00000000a5200000, 0x00000000a5300000|  0%| F|  |TAMS 0x00000000a5200000, 0x00000000a5200000| Untracked 
|  83|0x00000000a5300000, 0x00000000a5300000, 0x00000000a5400000|  0%| F|  |TAMS 0x00000000a5300000, 0x00000000a5300000| Untracked 
|  84|0x00000000a5400000, 0x00000000a5400000, 0x00000000a5500000|  0%| F|  |TAMS 0x00000000a5400000, 0x00000000a5400000| Untracked 
|  85|0x00000000a5500000, 0x00000000a5500000, 0x00000000a5600000|  0%| F|  |TAMS 0x00000000a5500000, 0x00000000a5500000| Untracked 
|  86|0x00000000a5600000, 0x00000000a5600000, 0x00000000a5700000|  0%| F|  |TAMS 0x00000000a5600000, 0x00000000a5600000| Untracked 
|  87|0x00000000a5700000, 0x00000000a5700000, 0x00000000a5800000|  0%| F|  |TAMS 0x00000000a5700000, 0x00000000a5700000| Untracked 
|  88|0x00000000a5800000, 0x00000000a5800000, 0x00000000a5900000|  0%| F|  |TAMS 0x00000000a5800000, 0x00000000a5800000| Untracked 
|  89|0x00000000a5900000, 0x00000000a5900000, 0x00000000a5a00000|  0%| F|  |TAMS 0x00000000a5900000, 0x00000000a5900000| Untracked 
|  90|0x00000000a5a00000, 0x00000000a5a00000, 0x00000000a5b00000|  0%| F|  |TAMS 0x00000000a5a00000, 0x00000000a5a00000| Untracked 
|  91|0x00000000a5b00000, 0x00000000a5b00000, 0x00000000a5c00000|  0%| F|  |TAMS 0x00000000a5b00000, 0x00000000a5b00000| Untracked 
|  92|0x00000000a5c00000, 0x00000000a5c00000, 0x00000000a5d00000|  0%| F|  |TAMS 0x00000000a5c00000, 0x00000000a5c00000| Untracked 
|  93|0x00000000a5d00000, 0x00000000a5d00000, 0x00000000a5e00000|  0%| F|  |TAMS 0x00000000a5d00000, 0x00000000a5d00000| Untracked 
|  94|0x00000000a5e00000, 0x00000000a5e00000, 0x00000000a5f00000|  0%| F|  |TAMS 0x00000000a5e00000, 0x00000000a5e00000| Untracked 
|  95|0x00000000a5f00000, 0x00000000a5f00000, 0x00000000a6000000|  0%| F|  |TAMS 0x00000000a5f00000, 0x00000000a5f00000| Untracked 
|  96|0x00000000a6000000, 0x00000000a6000000, 0x00000000a6100000|  0%| F|  |TAMS 0x00000000a6000000, 0x00000000a6000000| Untracked 
|  97|0x00000000a6100000, 0x00000000a6180800, 0x00000000a6200000| 50%| E|  |TAMS 0x00000000a6100000, 0x00000000a6100000| Complete 
|  98|0x00000000a6200000, 0x00000000a6300000, 0x00000000a6300000|100%| E|CS|TAMS 0x00000000a6200000, 0x00000000a6200000| Complete 
|  99|0x00000000a6300000, 0x00000000a6400000, 0x00000000a6400000|100%| E|CS|TAMS 0x00000000a6300000, 0x00000000a6300000| Complete 
| 100|0x00000000a6400000, 0x00000000a6500000, 0x00000000a6500000|100%| E|CS|TAMS 0x00000000a6400000, 0x00000000a6400000| Complete 
| 101|0x00000000a6500000, 0x00000000a6600000, 0x00000000a6600000|100%| E|CS|TAMS 0x00000000a6500000, 0x00000000a6500000| Complete 
| 102|0x00000000a6600000, 0x00000000a6700000, 0x00000000a6700000|100%| E|CS|TAMS 0x00000000a6600000, 0x00000000a6600000| Complete 
| 103|0x00000000a6700000, 0x00000000a6800000, 0x00000000a6800000|100%| E|CS|TAMS 0x00000000a6700000, 0x00000000a6700000| Complete 
| 104|0x00000000a6800000, 0x00000000a6900000, 0x00000000a6900000|100%| E|CS|TAMS 0x00000000a6800000, 0x00000000a6800000| Complete 
| 105|0x00000000a6900000, 0x00000000a6a00000, 0x00000000a6a00000|100%| E|CS|TAMS 0x00000000a6900000, 0x00000000a6900000| Complete 
| 106|0x00000000a6a00000, 0x00000000a6b00000, 0x00000000a6b00000|100%| E|CS|TAMS 0x00000000a6a00000, 0x00000000a6a00000| Complete 
| 107|0x00000000a6b00000, 0x00000000a6c00000, 0x00000000a6c00000|100%| E|CS|TAMS 0x00000000a6b00000, 0x00000000a6b00000| Complete 
| 108|0x00000000a6c00000, 0x00000000a6d00000, 0x00000000a6d00000|100%| E|CS|TAMS 0x00000000a6c00000, 0x00000000a6c00000| Complete 
| 109|0x00000000a6d00000, 0x00000000a6e00000, 0x00000000a6e00000|100%| E|CS|TAMS 0x00000000a6d00000, 0x00000000a6d00000| Complete 
| 110|0x00000000a6e00000, 0x00000000a6f00000, 0x00000000a6f00000|100%| E|CS|TAMS 0x00000000a6e00000, 0x00000000a6e00000| Complete 
| 111|0x00000000a6f00000, 0x00000000a7000000, 0x00000000a7000000|100%| E|CS|TAMS 0x00000000a6f00000, 0x00000000a6f00000| Complete 

Card table byte_map: [0x0000018a34240000,0x0000018a34540000] _byte_map_base: 0x0000018a33d40000

Marking Bits (Prev, Next): (CMBitMap*) 0x0000018a21156780, (CMBitMap*) 0x0000018a21156748
 Prev Bits: [0x0000018a36040000, 0x0000018a37840000)
 Next Bits: [0x0000018a34840000, 0x0000018a36040000)

Polling page: 0x0000018a1f0b0000

Metaspace:

Usage:
  Non-class:     53.63 MB capacity,    52.79 MB ( 98%) used,   724.30 KB (  1%) free+waste,   136.88 KB ( <1%) overhead. 
      Class:      8.12 MB capacity,     7.61 MB ( 94%) used,   454.01 KB (  5%) free+waste,    64.06 KB ( <1%) overhead. 
       Both:     61.75 MB capacity,    60.40 MB ( 98%) used,     1.15 MB (  2%) free+waste,   200.94 KB ( <1%) overhead. 

Virtual space:
  Non-class space:       54.00 MB reserved,      53.75 MB (>99%) committed 
      Class space:        1.00 GB reserved,       8.13 MB ( <1%) committed 
             Both:        1.05 GB reserved,      61.88 MB (  6%) committed 

Chunk freelists:
   Non-Class:  61.00 KB
       Class:  6.00 KB
        Both:  67.00 KB

MaxMetaspaceSize: 17179869184.00 GB
CompressedClassSpaceSize: 1.00 GB

CodeHeap 'non-profiled nmethods': size=120000Kb used=2631Kb max_used=2631Kb free=117368Kb
 bounds [0x0000018a2c6e0000, 0x0000018a2c980000, 0x0000018a33c10000]
CodeHeap 'profiled nmethods': size=120000Kb used=12673Kb max_used=12673Kb free=107326Kb
 bounds [0x0000018a251b0000, 0x0000018a25e20000, 0x0000018a2c6e0000]
CodeHeap 'non-nmethods': size=5760Kb used=2250Kb max_used=2293Kb free=3509Kb
 bounds [0x0000018a24c10000, 0x0000018a24e80000, 0x0000018a251b0000]
 total_blobs=6494 nmethods=5657 adapters=746
 compilation: enabled
              stopped_count=0, restarted_count=0
 full_count=0

Compilation events (20 events):
Event: 21.505 Thread 0x0000018a3a2a9800 5666       1       groovy.lang.GroovyObjectSupport::getMetaClass (5 bytes)
Event: 21.505 Thread 0x0000018a3a2a9800 nmethod 5666 0x0000018a2c96e090 code [0x0000018a2c96e240, 0x0000018a2c96e2f8]
Event: 21.506 Thread 0x0000018a3a2a9800 5667       2       org.gradle.internal.snapshot.impl.AbstractIsolatableScalarValue::<init> (6 bytes)
Event: 21.506 Thread 0x0000018a3a2a9800 nmethod 5667 0x0000018a25dffc90 code [0x0000018a25dffe40, 0x0000018a25dfff78]
Event: 21.507 Thread 0x0000018a3a2a9800 5668       2       org.apache.commons.io.FilenameUtils::doNormalize (534 bytes)
Event: 21.509 Thread 0x0000018a3a2a9800 nmethod 5668 0x0000018a25e00010 code [0x0000018a25e002c0, 0x0000018a25e01188]
Event: 21.510 Thread 0x0000018a3a2a9800 5669       1       org.gradle.internal.service.DefaultServiceRegistry$ManagedObjectServiceProvider::setInstance (6 bytes)
Event: 21.510 Thread 0x0000018a3a2a9800 nmethod 5669 0x0000018a2c96e390 code [0x0000018a2c96e540, 0x0000018a2c96e658]
Event: 21.512 Thread 0x0000018a3a2a9800 5670       2       java.util.Arrays::copyOfRange (63 bytes)
Event: 21.513 Thread 0x0000018a3a2a9800 nmethod 5670 0x0000018a25e01890 code [0x0000018a25e01ac0, 0x0000018a25e01ff8]
Event: 21.526 Thread 0x0000018a3a2a9800 5671       2       org.gradle.internal.serialize.kryo.KryoBackedEncoder::writeLong (9 bytes)
Event: 21.526 Thread 0x0000018a3a2a9800 nmethod 5671 0x0000018a25e02290 code [0x0000018a25e02440, 0x0000018a25e02568]
Event: 21.527 Thread 0x0000018a3a2a9800 5672       2       com.esotericsoftware.kryo.io.Output::writeLong (162 bytes)
Event: 21.527 Thread 0x0000018a3a2a9800 nmethod 5672 0x0000018a25e02690 code [0x0000018a25e02860, 0x0000018a25e02b48]
Event: 21.555 Thread 0x0000018a3a2a9800 5673   !   2       org.gradle.internal.event.DefaultListenerManager$EventBroadcast$ListenerDispatch::dispatch (55 bytes)
Event: 21.556 Thread 0x0000018a3a2a9800 nmethod 5673 0x0000018a25e02d10 code [0x0000018a25e02f20, 0x0000018a25e031c8]
Event: 21.556 Thread 0x0000018a3a2a9800 5675       2       org.gradle.internal.event.DefaultListenerManager$EventBroadcast::doStartNotification (48 bytes)
Event: 21.557 Thread 0x0000018a3a2a9800 nmethod 5675 0x0000018a25e03410 code [0x0000018a25e03640, 0x0000018a25e039a8]
Event: 21.557 Thread 0x0000018a3a2a9800 5674       2       org.gradle.internal.event.DefaultListenerManager$EventBroadcast::takeOwnership (45 bytes)
Event: 21.558 Thread 0x0000018a3a2a9800 nmethod 5674 0x0000018a25e03c10 code [0x0000018a25e03ea0, 0x0000018a25e04668]

GC Heap History (20 events):
Event: 6.826 GC heap before
{Heap before GC invocations=2 (full 0):
 garbage-first heap   total 114688K, used 33861K [0x00000000a0000000, 0x0000000100000000)
  region size 1024K, 28 young (28672K), 9 survivors (9216K)
 Metaspace       used 20589K, capacity 21067K, committed 21248K, reserved 1067008K
  class space    used 2530K, capacity 2693K, committed 2816K, reserved 1048576K
}
Event: 6.837 GC heap after
{Heap after GC invocations=3 (full 0):
 garbage-first heap   total 114688K, used 16633K [0x00000000a0000000, 0x0000000100000000)
  region size 1024K, 1 young (1024K), 1 survivors (1024K)
 Metaspace       used 20589K, capacity 21067K, committed 21248K, reserved 1067008K
  class space    used 2530K, capacity 2693K, committed 2816K, reserved 1048576K
}
Event: 8.432 GC heap before
{Heap before GC invocations=4 (full 0):
 garbage-first heap   total 114688K, used 58617K [0x00000000a0000000, 0x0000000100000000)
  region size 1024K, 42 young (43008K), 1 survivors (1024K)
 Metaspace       used 25408K, capacity 25956K, committed 26112K, reserved 1071104K
  class space    used 3298K, capacity 3517K, committed 3584K, reserved 1048576K
}
Event: 8.437 GC heap after
{Heap after GC invocations=5 (full 0):
 garbage-first heap   total 114688K, used 18202K [0x00000000a0000000, 0x0000000100000000)
  region size 1024K, 3 young (3072K), 3 survivors (3072K)
 Metaspace       used 25408K, capacity 25956K, committed 26112K, reserved 1071104K
  class space    used 3298K, capacity 3517K, committed 3584K, reserved 1048576K
}
Event: 10.462 GC heap before
{Heap before GC invocations=5 (full 0):
 garbage-first heap   total 114688K, used 63258K [0x00000000a0000000, 0x0000000100000000)
  region size 1024K, 48 young (49152K), 3 survivors (3072K)
 Metaspace       used 33795K, capacity 34479K, committed 34688K, reserved 1079296K
  class space    used 4361K, capacity 4613K, committed 4736K, reserved 1048576K
}
Event: 10.468 GC heap after
{Heap after GC invocations=6 (full 0):
 garbage-first heap   total 114688K, used 21302K [0x00000000a0000000, 0x0000000100000000)
  region size 1024K, 6 young (6144K), 6 survivors (6144K)
 Metaspace       used 33795K, capacity 34479K, committed 34688K, reserved 1079296K
  class space    used 4361K, capacity 4613K, committed 4736K, reserved 1048576K
}
Event: 10.764 GC heap before
{Heap before GC invocations=6 (full 0):
 garbage-first heap   total 114688K, used 32566K [0x00000000a0000000, 0x0000000100000000)
  region size 1024K, 16 young (16384K), 6 survivors (6144K)
 Metaspace       used 35086K, capacity 35731K, committed 35840K, reserved 1081344K
  class space    used 4516K, capacity 4775K, committed 4864K, reserved 1048576K
}
Event: 10.776 GC heap after
{Heap after GC invocations=7 (full 0):
 garbage-first heap   total 114688K, used 24183K [0x00000000a0000000, 0x0000000100000000)
  region size 1024K, 4 young (4096K), 4 survivors (4096K)
 Metaspace       used 35086K, capacity 35731K, committed 35840K, reserved 1081344K
  class space    used 4516K, capacity 4775K, committed 4864K, reserved 1048576K
}
Event: 12.289 GC heap before
{Heap before GC invocations=8 (full 0):
 garbage-first heap   total 114688K, used 72311K [0x00000000a0000000, 0x0000000100000000)
  region size 1024K, 50 young (51200K), 4 survivors (4096K)
 Metaspace       used 39886K, capacity 40640K, committed 40832K, reserved 1085440K
  class space    used 5064K, capacity 5380K, committed 5504K, reserved 1048576K
}
Event: 12.309 GC heap after
{Heap after GC invocations=9 (full 0):
 garbage-first heap   total 114688K, used 25767K [0x00000000a0000000, 0x0000000100000000)
  region size 1024K, 5 young (5120K), 5 survivors (5120K)
 Metaspace       used 39886K, capacity 40640K, committed 40832K, reserved 1085440K
  class space    used 5064K, capacity 5380K, committed 5504K, reserved 1048576K
}
Event: 14.362 GC heap before
{Heap before GC invocations=10 (full 0):
 garbage-first heap   total 114688K, used 73895K [0x00000000a0000000, 0x0000000100000000)
  region size 1024K, 52 young (53248K), 5 survivors (5120K)
 Metaspace       used 43732K, capacity 44707K, committed 44928K, reserved 1087488K
  class space    used 5596K, capacity 5951K, committed 6016K, reserved 1048576K
}
Event: 14.370 GC heap after
{Heap after GC invocations=11 (full 0):
 garbage-first heap   total 114688K, used 28706K [0x00000000a0000000, 0x0000000100000000)
  region size 1024K, 7 young (7168K), 7 survivors (7168K)
 Metaspace       used 43732K, capacity 44707K, committed 44928K, reserved 1087488K
  class space    used 5596K, capacity 5951K, committed 6016K, reserved 1048576K
}
Event: 16.229 GC heap before
{Heap before GC invocations=11 (full 0):
 garbage-first heap   total 114688K, used 84002K [0x00000000a0000000, 0x0000000100000000)
  region size 1024K, 55 young (56320K), 7 survivors (7168K)
 Metaspace       used 45604K, capacity 46674K, committed 46720K, reserved 1089536K
  class space    used 5833K, capacity 6241K, committed 6272K, reserved 1048576K
}
Event: 16.238 GC heap after
{Heap after GC invocations=12 (full 0):
 garbage-first heap   total 114688K, used 42012K [0x00000000a0000000, 0x0000000100000000)
  region size 1024K, 7 young (7168K), 7 survivors (7168K)
 Metaspace       used 45604K, capacity 46674K, committed 46720K, reserved 1089536K
  class space    used 5833K, capacity 6241K, committed 6272K, reserved 1048576K
}
Event: 18.127 GC heap before
{Heap before GC invocations=12 (full 0):
 garbage-first heap   total 114688K, used 82972K [0x00000000a0000000, 0x0000000100000000)
  region size 1024K, 47 young (48128K), 7 survivors (7168K)
 Metaspace       used 51994K, capacity 53230K, committed 53504K, reserved 1095680K
  class space    used 6590K, capacity 7041K, committed 7168K, reserved 1048576K
}
Event: 18.134 GC heap after
{Heap after GC invocations=13 (full 0):
 garbage-first heap   total 114688K, used 43897K [0x00000000a0000000, 0x0000000100000000)
  region size 1024K, 2 young (2048K), 2 survivors (2048K)
 Metaspace       used 51994K, capacity 53230K, committed 53504K, reserved 1095680K
  class space    used 6590K, capacity 7041K, committed 7168K, reserved 1048576K
}
Event: 19.443 GC heap before
{Heap before GC invocations=13 (full 0):
 garbage-first heap   total 114688K, used 84857K [0x00000000a0000000, 0x0000000100000000)
  region size 1024K, 42 young (43008K), 2 survivors (2048K)
 Metaspace       used 55698K, capacity 56986K, committed 57216K, reserved 1099776K
  class space    used 7076K, capacity 7536K, committed 7552K, reserved 1048576K
}
Event: 19.448 GC heap after
{Heap after GC invocations=14 (full 0):
 garbage-first heap   total 114688K, used 46800K [0x00000000a0000000, 0x0000000100000000)
  region size 1024K, 5 young (5120K), 5 survivors (5120K)
 Metaspace       used 55698K, capacity 56986K, committed 57216K, reserved 1099776K
  class space    used 7076K, capacity 7536K, committed 7552K, reserved 1048576K
}
Event: 21.125 GC heap before
{Heap before GC invocations=14 (full 0):
 garbage-first heap   total 114688K, used 87760K [0x00000000a0000000, 0x0000000100000000)
  region size 1024K, 44 young (45056K), 5 survivors (5120K)
 Metaspace       used 61120K, capacity 62390K, committed 62592K, reserved 1103872K
  class space    used 7715K, capacity 8206K, committed 8320K, reserved 1048576K
}
Event: 21.132 GC heap after
{Heap after GC invocations=15 (full 0):
 garbage-first heap   total 114688K, used 48637K [0x00000000a0000000, 0x0000000100000000)
  region size 1024K, 2 young (2048K), 2 survivors (2048K)
 Metaspace       used 61120K, capacity 62390K, committed 62592K, reserved 1103872K
  class space    used 7715K, capacity 8206K, committed 8320K, reserved 1048576K
}

Deoptimization events (20 events):
Event: 20.979 Thread 0x0000018a3aeb1000 Uncommon trap: trap_request=0xffffffde fr.pc=0x0000018a2c7a98e0 relative=0x0000000000000320
Event: 20.979 Thread 0x0000018a3aeb1000 Uncommon trap: reason=class_check action=maybe_recompile pc=0x0000018a2c7a98e0 method=java.util.Collections$SetFromMap.remove(Ljava/lang/Object;)Z @ 5 c2
Event: 20.979 Thread 0x0000018a3aeb1000 DEOPT PACKING pc=0x0000018a2c7a98e0 sp=0x00000078a3af2440
Event: 20.979 Thread 0x0000018a3aeb1000 DEOPT UNPACKING pc=0x0000018a24c378af sp=0x00000078a3af2428 mode 2
Event: 20.979 Thread 0x0000018a3aeb1000 Uncommon trap: trap_request=0xffffffde fr.pc=0x0000018a2c7a98e0 relative=0x0000000000000320
Event: 20.979 Thread 0x0000018a3aeb1000 Uncommon trap: reason=class_check action=maybe_recompile pc=0x0000018a2c7a98e0 method=java.util.Collections$SetFromMap.remove(Ljava/lang/Object;)Z @ 5 c2
Event: 20.979 Thread 0x0000018a3aeb1000 DEOPT PACKING pc=0x0000018a2c7a98e0 sp=0x00000078a3af23c0
Event: 20.979 Thread 0x0000018a3aeb1000 DEOPT UNPACKING pc=0x0000018a24c378af sp=0x00000078a3af23a8 mode 2
Event: 20.982 Thread 0x0000018a3aeb1000 Uncommon trap: trap_request=0xffffffde fr.pc=0x0000018a2c7a98e0 relative=0x0000000000000320
Event: 20.982 Thread 0x0000018a3aeb1000 Uncommon trap: reason=class_check action=maybe_recompile pc=0x0000018a2c7a98e0 method=java.util.Collections$SetFromMap.remove(Ljava/lang/Object;)Z @ 5 c2
Event: 20.982 Thread 0x0000018a3aeb1000 DEOPT PACKING pc=0x0000018a2c7a98e0 sp=0x00000078a3af2d00
Event: 20.982 Thread 0x0000018a3aeb1000 DEOPT UNPACKING pc=0x0000018a24c378af sp=0x00000078a3af2ce8 mode 2
Event: 20.982 Thread 0x0000018a3aeb1000 Uncommon trap: trap_request=0xffffffde fr.pc=0x0000018a2c7a98e0 relative=0x0000000000000320
Event: 20.982 Thread 0x0000018a3aeb1000 Uncommon trap: reason=class_check action=maybe_recompile pc=0x0000018a2c7a98e0 method=java.util.Collections$SetFromMap.remove(Ljava/lang/Object;)Z @ 5 c2
Event: 20.982 Thread 0x0000018a3aeb1000 DEOPT PACKING pc=0x0000018a2c7a98e0 sp=0x00000078a3af2c80
Event: 20.982 Thread 0x0000018a3aeb1000 DEOPT UNPACKING pc=0x0000018a24c378af sp=0x00000078a3af2c68 mode 2
Event: 21.060 Thread 0x0000018a3aeb1000 Uncommon trap: trap_request=0xffffff4d fr.pc=0x0000018a2c7ed4cc relative=0x00000000000053cc
Event: 21.060 Thread 0x0000018a3aeb1000 Uncommon trap: reason=unstable_if action=reinterpret pc=0x0000018a2c7ed4cc method=sun.net.www.protocol.jar.Handler.parseURL(Ljava/net/URL;Ljava/lang/String;II)V @ 116 c2
Event: 21.060 Thread 0x0000018a3aeb1000 DEOPT PACKING pc=0x0000018a2c7ed4cc sp=0x00000078a3af3b50
Event: 21.060 Thread 0x0000018a3aeb1000 DEOPT UNPACKING pc=0x0000018a24c378af sp=0x00000078a3af3a48 mode 2

Classes redefined (0 events):
No events

Internal exceptions (20 events):
Event: 21.333 Thread 0x0000018a3aeb1000 Exception <a 'java/lang/ClassNotFoundException'{0x00000000a6a42cc8}: org/gradle/api/plugins/BasePluginConventionCustomizer> (0x00000000a6a42cc8) thrown at [./src/hotspot/share/classfile/systemDictionary.cpp, line 231]
Event: 21.338 Thread 0x0000018a3aeb1000 Exception <a 'java/lang/ClassNotFoundException'{0x00000000a6a91858}: org/gradle/api/plugins/internal/DefaultBasePluginConventionCustomizer> (0x00000000a6a91858) thrown at [./src/hotspot/share/classfile/systemDictionary.cpp, line 231]
Event: 21.348 Thread 0x0000018a3aeb1000 Exception <a 'java/lang/ClassNotFoundException'{0x00000000a691a550}: org/gradle/api/plugins/internal/DefaultJavaPluginConventionBeanInfo> (0x00000000a691a550) thrown at [./src/hotspot/share/classfile/systemDictionary.cpp, line 231]
Event: 21.353 Thread 0x0000018a3aeb1000 Exception <a 'java/lang/ClassNotFoundException'{0x00000000a6954f48}: org/gradle/api/plugins/JavaPluginConventionBeanInfo> (0x00000000a6954f48) thrown at [./src/hotspot/share/classfile/systemDictionary.cpp, line 231]
Event: 21.355 Thread 0x0000018a3aeb1000 Exception <a 'java/lang/ClassNotFoundException'{0x00000000a698fbf8}: org/gradle/api/plugins/JavaPluginConventionCustomizer> (0x00000000a698fbf8) thrown at [./src/hotspot/share/classfile/systemDictionary.cpp, line 231]
Event: 21.359 Thread 0x0000018a3aeb1000 Exception <a 'java/lang/ClassNotFoundException'{0x00000000a69e3d60}: org/gradle/api/plugins/internal/DefaultJavaPluginConventionCustomizer> (0x00000000a69e3d60) thrown at [./src/hotspot/share/classfile/systemDictionary.cpp, line 231]
Event: 21.455 Thread 0x0000018a3aeb1000 Exception <a 'java/lang/ClassNotFoundException'{0x00000000a66fe280}: org/jetbrains/kotlin/gradle/targets/js/npm/DefaultNpmDependencyExtensionBeanInfo> (0x00000000a66fe280) thrown at [./src/hotspot/share/classfile/systemDictionary.cpp, line 231]
Event: 21.456 Thread 0x0000018a3aeb1000 Exception <a 'java/lang/ClassNotFoundException'{0x00000000a65180d0}: org/jetbrains/kotlin/gradle/targets/js/npm/DefaultNpmDependencyExtensionCustomizer> (0x00000000a65180d0) thrown at [./src/hotspot/share/classfile/systemDictionary.cpp, line 231]
Event: 21.470 Thread 0x0000018a3aeb1000 Exception <a 'java/lang/ClassNotFoundException'{0x00000000a65ae330}: org/jetbrains/kotlin/gradle/targets/js/npm/NpmDependencyExtensionKt$defaultNpmDependencyDelegate$1BeanInfo> (0x00000000a65ae330) thrown at [./src/hotspot/share/classfile/systemDictionary.cpp, line 231]
Event: 21.471 Thread 0x0000018a3aeb1000 Exception <a 'java/lang/ClassNotFoundException'{0x00000000a65c8558}: org/jetbrains/kotlin/gradle/targets/js/npm/NpmDependencyExtensionDelegateBeanInfo> (0x00000000a65c8558) thrown at [./src/hotspot/share/classfile/systemDictionary.cpp, line 231]
Event: 21.472 Thread 0x0000018a3aeb1000 Exception <a 'java/lang/ClassNotFoundException'{0x00000000a65e3320}: org/jetbrains/kotlin/gradle/targets/js/npm/NpmDependencyExtensionDelegateCustomizer> (0x00000000a65e3320) thrown at [./src/hotspot/share/classfile/systemDictionary.cpp, line 231]
Event: 21.476 Thread 0x0000018a3aeb1000 Exception <a 'java/lang/ClassNotFoundException'{0x00000000a6419b98}: org/jetbrains/kotlin/gradle/targets/js/npm/NpmDependencyExtensionKt$defaultNpmDependencyDelegate$1Customizer> (0x00000000a6419b98) thrown at [./src/hotspot/share/classfile/systemDictionary.cpp, line 231]
Event: 21.482 Thread 0x0000018a3aeb1000 Exception <a 'java/lang/ClassNotFoundException'{0x00000000a646bb70}: org/jetbrains/kotlin/gradle/targets/js/npm/DefaultDevNpmDependencyExtensionBeanInfo> (0x00000000a646bb70) thrown at [./src/hotspot/share/classfile/systemDictionary.cpp, line 231]
Event: 21.484 Thread 0x0000018a3aeb1000 Exception <a 'java/lang/ClassNotFoundException'{0x00000000a6485eb0}: org/jetbrains/kotlin/gradle/targets/js/npm/DefaultDevNpmDependencyExtensionCustomizer> (0x00000000a6485eb0) thrown at [./src/hotspot/share/classfile/systemDictionary.cpp, line 231]
Event: 21.490 Thread 0x0000018a3aeb1000 Exception <a 'java/lang/ClassNotFoundException'{0x00000000a64db9f0}: org/jetbrains/kotlin/gradle/targets/js/npm/DefaultPeerNpmDependencyExtensionBeanInfo> (0x00000000a64db9f0) thrown at [./src/hotspot/share/classfile/systemDictionary.cpp, line 231]
Event: 21.491 Thread 0x0000018a3aeb1000 Exception <a 'java/lang/ClassNotFoundException'{0x00000000a64f5b18}: org/jetbrains/kotlin/gradle/targets/js/npm/DefaultPeerNpmDependencyExtensionCustomizer> (0x00000000a64f5b18) thrown at [./src/hotspot/share/classfile/systemDictionary.cpp, line 231]
Event: 21.499 Thread 0x0000018a3aeb1000 Exception <a 'java/lang/ClassNotFoundException'{0x00000000a63580d8}: org/jetbrains/kotlin/gradle/targets/js/npm/DefaultPeerNpmDependencyExtension$delegate$1BeanInfo> (0x00000000a63580d8) thrown at [./src/hotspot/share/classfile/systemDictionary.cpp, line 231]
Event: 21.501 Thread 0x0000018a3aeb1000 Exception <a 'java/lang/ClassNotFoundException'{0x00000000a6373278}: org/jetbrains/kotlin/gradle/targets/js/npm/DefaultPeerNpmDependencyExtension$delegate$1Customizer> (0x00000000a6373278) thrown at [./src/hotspot/share/classfile/systemDictionary.cpp, line 231]
Event: 21.552 Thread 0x0000018a3aeb1000 Exception <a 'java/lang/ClassNotFoundException'{0x00000000a6264498}: flutter_duzsph6wwcqkk4swawratlhkoBeanInfo> (0x00000000a6264498) thrown at [./src/hotspot/share/classfile/systemDictionary.cpp, line 231]
Event: 21.553 Thread 0x0000018a3aeb1000 Exception <a 'java/lang/ClassNotFoundException'{0x00000000a6273938}: flutter_duzsph6wwcqkk4swawratlhkoCustomizer> (0x00000000a6273938) thrown at [./src/hotspot/share/classfile/systemDictionary.cpp, line 231]

Events (20 events):
Event: 21.507 loading class org/gradle/configuration/ConfigurationTargetIdentifier$Type
Event: 21.507 loading class org/gradle/configuration/ConfigurationTargetIdentifier$Type done
Event: 21.508 loading class org/gradle/configuration/ApplyScriptPluginBuildOperationType$Details
Event: 21.508 loading class org/gradle/configuration/ApplyScriptPluginBuildOperationType$Details done
Event: 21.508 loading class org/gradle/tooling/internal/protocol/events/InternalPluginIdentifier
Event: 21.508 loading class org/gradle/tooling/internal/protocol/events/InternalPluginIdentifier done
Event: 21.508 loading class org/gradle/tooling/internal/provider/runner/PluginApplicationTracker
Event: 21.508 loading class org/gradle/tooling/internal/provider/runner/PluginApplicationTracker done
Event: 21.509 loading class org/gradle/internal/build/event/types/DefaultScriptPluginIdentifier
Event: 21.509 loading class org/gradle/internal/build/event/types/DefaultScriptPluginIdentifier done
Event: 21.547 loading class groovy/runtime/metaclass/flutter_duzsph6wwcqkk4swawratlhkoMetaClass
Event: 21.547 loading class groovy/runtime/metaclass/flutter_duzsph6wwcqkk4swawratlhkoMetaClass done
Event: 21.552 loading class flutter_duzsph6wwcqkk4swawratlhkoBeanInfo
Event: 21.552 loading class flutter_duzsph6wwcqkk4swawratlhkoBeanInfo done
Event: 21.552 loading class flutter_duzsph6wwcqkk4swawratlhkoBeanInfo
Event: 21.552 loading class flutter_duzsph6wwcqkk4swawratlhkoBeanInfo done
Event: 21.552 loading class flutter_duzsph6wwcqkk4swawratlhkoCustomizer
Event: 21.552 loading class flutter_duzsph6wwcqkk4swawratlhkoCustomizer done
Event: 21.553 loading class flutter_duzsph6wwcqkk4swawratlhkoCustomizer
Event: 21.553 loading class flutter_duzsph6wwcqkk4swawratlhkoCustomizer done


Dynamic libraries:
0x00007ff79f440000 - 0x00007ff79f44a000 	C:\Program Files\Android\Android Studio\jre\bin\java.exe
0x00007fff8d350000 - 0x00007fff8d545000 	C:\Windows\SYSTEM32\ntdll.dll
0x00007fff8ca70000 - 0x00007fff8cb2d000 	C:\Windows\System32\KERNEL32.DLL
0x00007fff8af70000 - 0x00007fff8b23d000 	C:\Windows\System32\KERNELBASE.dll
0x00007fff8ab00000 - 0x00007fff8ac00000 	C:\Windows\System32\ucrtbase.dll
0x00007fff83330000 - 0x00007fff83347000 	C:\Program Files\Android\Android Studio\jre\bin\VCRUNTIME140.dll
0x00007fff83350000 - 0x00007fff83369000 	C:\Program Files\Android\Android Studio\jre\bin\jli.dll
0x00007fff8c7a0000 - 0x00007fff8c940000 	C:\Windows\System32\USER32.dll
0x00007fff8b370000 - 0x00007fff8b392000 	C:\Windows\System32\win32u.dll
0x00007fff8b420000 - 0x00007fff8b44a000 	C:\Windows\System32\GDI32.dll
0x00007fff6a490000 - 0x00007fff6a72a000 	C:\Windows\WinSxS\amd64_microsoft.windows.common-controls_6595b64144ccf1df_6.0.19041.1110_none_60b5254171f9507e\COMCTL32.dll
0x00007fff8ac00000 - 0x00007fff8ad0b000 	C:\Windows\System32\gdi32full.dll
0x00007fff8c300000 - 0x00007fff8c39e000 	C:\Windows\System32\msvcrt.dll
0x00007fff8b2d0000 - 0x00007fff8b36d000 	C:\Windows\System32\msvcp_win.dll
0x00007fff8c2d0000 - 0x00007fff8c300000 	C:\Windows\System32\IMM32.DLL
0x00007fff82b50000 - 0x00007fff82bed000 	C:\Program Files\Android\Android Studio\jre\bin\msvcp140.dll
0x00007ffee83c0000 - 0x00007ffee8e8f000 	C:\Program Files\Android\Android Studio\jre\bin\server\jvm.dll
0x00007fff8c590000 - 0x00007fff8c63e000 	C:\Windows\System32\ADVAPI32.dll
0x00007fff8b500000 - 0x00007fff8b59c000 	C:\Windows\System32\sechost.dll
0x00007fff8c940000 - 0x00007fff8ca65000 	C:\Windows\System32\RPCRT4.dll
0x00007fff8c190000 - 0x00007fff8c198000 	C:\Windows\System32\PSAPI.DLL
0x00007fff6cc30000 - 0x00007fff6cc39000 	C:\Windows\SYSTEM32\WSOCK32.dll
0x00007fff8c520000 - 0x00007fff8c58b000 	C:\Windows\System32\WS2_32.dll
0x00007fff87a90000 - 0x00007fff87ab7000 	C:\Windows\SYSTEM32\WINMM.dll
0x00007fff7cc80000 - 0x00007fff7cc8a000 	C:\Windows\SYSTEM32\VERSION.dll
0x00007fff892e0000 - 0x00007fff892f2000 	C:\Windows\SYSTEM32\kernel.appcore.dll
0x00007fff82dc0000 - 0x00007fff82dd1000 	C:\Program Files\Android\Android Studio\jre\bin\verify.dll
0x00007fff88360000 - 0x00007fff88544000 	C:\Windows\SYSTEM32\DBGHELP.DLL
0x00007fff7fda0000 - 0x00007fff7fdcc000 	C:\Windows\SYSTEM32\dbgcore.DLL
0x00007fff8b240000 - 0x00007fff8b2c2000 	C:\Windows\System32\bcryptPrimitives.dll
0x00007fff7b2e0000 - 0x00007fff7b309000 	C:\Program Files\Android\Android Studio\jre\bin\java.dll
0x00007fff84990000 - 0x00007fff8499b000 	C:\Program Files\Android\Android Studio\jre\bin\jimage.dll
0x00007fff82da0000 - 0x00007fff82db8000 	C:\Program Files\Android\Android Studio\jre\bin\zip.dll
0x00007fff8cbc0000 - 0x00007fff8d304000 	C:\Windows\System32\SHELL32.dll
0x00007fff88b00000 - 0x00007fff89294000 	C:\Windows\SYSTEM32\windows.storage.dll
0x00007fff8be30000 - 0x00007fff8c184000 	C:\Windows\System32\combase.dll
0x00007fff8a3f0000 - 0x00007fff8a41c000 	C:\Windows\SYSTEM32\Wldp.dll
0x00007fff8b450000 - 0x00007fff8b4fd000 	C:\Windows\System32\SHCORE.dll
0x00007fff8bc50000 - 0x00007fff8bca5000 	C:\Windows\System32\shlwapi.dll
0x00007fff8a9a0000 - 0x00007fff8a9bf000 	C:\Windows\SYSTEM32\profapi.dll
0x00007fff7f980000 - 0x00007fff7f99a000 	C:\Program Files\Android\Android Studio\jre\bin\net.dll
0x00007fff81b90000 - 0x00007fff81c9a000 	C:\Windows\SYSTEM32\WINHTTP.dll
0x00007fff8a150000 - 0x00007fff8a1ba000 	C:\Windows\system32\mswsock.dll
0x00007fff79540000 - 0x00007fff79554000 	C:\Program Files\Android\Android Studio\jre\bin\nio.dll
0x00007fff83300000 - 0x00007fff83327000 	C:\Users\Marc\.gradle\native\fdc75f09e3144964f2cf3f50f0aa648679c211496f362492102eb8c894070792\windows-amd64\native-platform.dll
0x00007fff496b0000 - 0x00007fff49846000 	C:\Users\Marc\.gradle\native\12488b8bf47d2d4c9fbf2f6322a914ad602e24e48041cd04a747c6da556b65c4\windows-amd64\native-platform-file-events.dll
0x00007fff82b00000 - 0x00007fff82b0a000 	C:\Program Files\Android\Android Studio\jre\bin\management.dll
0x00007fff7da90000 - 0x00007fff7da9c000 	C:\Program Files\Android\Android Studio\jre\bin\management_ext.dll
0x00007fff8a350000 - 0x00007fff8a368000 	C:\Windows\SYSTEM32\CRYPTSP.dll
0x00007fff89aa0000 - 0x00007fff89ad4000 	C:\Windows\system32\rsaenh.dll
0x00007fff8aad0000 - 0x00007fff8aaf7000 	C:\Windows\System32\bcrypt.dll
0x00007fff8a960000 - 0x00007fff8a98e000 	C:\Windows\SYSTEM32\USERENV.dll
0x00007fff8a340000 - 0x00007fff8a34c000 	C:\Windows\SYSTEM32\CRYPTBASE.dll
0x00007fff89e20000 - 0x00007fff89e5b000 	C:\Windows\SYSTEM32\IPHLPAPI.DLL
0x00007fff8b5a0000 - 0x00007fff8b5a8000 	C:\Windows\System32\NSI.dll
0x00007fff82460000 - 0x00007fff82477000 	C:\Windows\SYSTEM32\dhcpcsvc6.DLL
0x00007fff82390000 - 0x00007fff823ad000 	C:\Windows\SYSTEM32\dhcpcsvc.DLL
0x00007fff89e60000 - 0x00007fff89f2b000 	C:\Windows\SYSTEM32\DNSAPI.dll
0x00007fff825d0000 - 0x00007fff825db000 	C:\Windows\SYSTEM32\WINNSI.DLL

dbghelp: loaded successfully - version: 4.0.5 - missing functions: none
symbol engine: initialized successfully - sym options: 0x614 - pdb path: .;C:\Program Files\Android\Android Studio\jre\bin;C:\Windows\SYSTEM32;C:\Windows\WinSxS\amd64_microsoft.windows.common-controls_6595b64144ccf1df_6.0.19041.1110_none_60b5254171f9507e;C:\Program Files\Android\Android Studio\jre\bin\server;C:\Users\Marc\.gradle\native\fdc75f09e3144964f2cf3f50f0aa648679c211496f362492102eb8c894070792\windows-amd64;C:\Users\Marc\.gradle\native\12488b8bf47d2d4c9fbf2f6322a914ad602e24e48041cd04a747c6da556b65c4\windows-amd64

VM Arguments:
jvm_args: --add-opens=java.base/java.util=ALL-UNNAMED --add-opens=java.base/java.lang=ALL-UNNAMED --add-opens=java.base/java.lang.invoke=ALL-UNNAMED --add-opens=java.prefs/java.util.prefs=ALL-UNNAMED -Xmx1536M -Dfile.encoding=windows-1252 -Duser.country=PH -Duser.language=en -Duser.variant 
java_command: org.gradle.launcher.daemon.bootstrap.GradleDaemon 6.7
java_class_path (initial): C:\Users\Marc\.gradle\wrapper\dists\gradle-6.7-all\cuy9mc7upwgwgeb72wkcrupxe\gradle-6.7\lib\gradle-launcher-6.7.jar
Launcher Type: SUN_STANDARD

[Global flags]
     intx CICompilerCount                          = 4                                         {product} {ergonomic}
     uint ConcGCThreads                            = 2                                         {product} {ergonomic}
     uint G1ConcRefinementThreads                  = 8                                         {product} {ergonomic}
   size_t G1HeapRegionSize                         = 1048576                                   {product} {ergonomic}
    uintx GCDrainStackTargetSize                   = 64                                        {product} {ergonomic}
   size_t InitialHeapSize                          = 117440512                                 {product} {ergonomic}
   size_t MarkStackSize                            = 4194304                                   {product} {ergonomic}
   size_t MaxHeapSize                              = 1610612736                                {product} {command line}
   size_t MaxNewSize                               = 965738496                                 {product} {ergonomic}
   size_t MinHeapDeltaBytes                        = 1048576                                   {product} {ergonomic}
    uintx NonNMethodCodeHeapSize                   = 5836300                                {pd product} {ergonomic}
    uintx NonProfiledCodeHeapSize                  = 122910970                              {pd product} {ergonomic}
    uintx ProfiledCodeHeapSize                     = 122910970                              {pd product} {ergonomic}
    uintx ReservedCodeCacheSize                    = 251658240                              {pd product} {ergonomic}
     bool SegmentedCodeCache                       = true                                      {product} {ergonomic}
     bool UseCompressedClassPointers               = true                                 {lp64_product} {ergonomic}
     bool UseCompressedOops                        = true                                 {lp64_product} {ergonomic}
     bool UseG1GC                                  = true                                      {product} {ergonomic}
     bool UseLargePagesIndividualAllocation        = false                                  {pd product} {ergonomic}

Logging:
Log output configuration:
 #0: stdout all=warning uptime,level,tags
 #1: stderr all=off uptime,level,tags

Environment Variables:
JAVA_HOME=C:\Program Files\Android\Android Studio\jre
CLASSPATH=D:\dev\paalala\android\\gradle\wrapper\gradle-wrapper.jar
PATH=C:\Program Files\Eclipse Adoptium\jdk-11.0.14.101-hotspot\bin;C:\Python39\Scripts\;C:\Python39\;C:\Program Files (x86)\Common Files\Oracle\Java\javapath;C:\ProgramData\Oracle\Java\javapath;C:\Program Files\Scripts\;C:\Program Files\;C:\Windows\system32;C:\Windows;C:\Windows\System32\Wbem;C:\Windows\System32\WindowsPowerShell\v1.0\;C:\Windows\System32\OpenSSH\;C:\Program Files\nodejs\;C:\ProgramData\chocolatey\bin;C:\Program Files\Git\cmd;C:\msys64\mingw64\bin;C:\Users\Marc\AppData\Local\Microsoft\WindowsApps;C:\Program Files\JetBrains\PyCharm Community Edition 2020.2.3\bin;;C:\Program Files\JetBrains\IntelliJ IDEA Community Edition 2020.2.4\bin;;C:\Program Files\Inkscape\bin;C:\Users\Marc\AppData\Local\GitHubDesktop\bin;C:\Users\Marc\AppData\Local\Programs\Microsoft VS Code\bin;C:\Users\Marc\AppData\Roaming\npm;C:\mingw\bin;C:\Users\Marc\flutter\bin;;C:\Users\Marc\flutter\bin\mingit\cmd
USERNAME=Marc
OS=Windows_NT
PROCESSOR_IDENTIFIER=AMD64 Family 23 Model 24 Stepping 1, AuthenticAMD



---------------  S Y S T E M  ---------------

OS: Windows 10 , 64 bit Build 19041 (10.0.19041.1706)
OS uptime: 2 days 20:31 hours
Hyper-V role detected

CPU:total 8 (initial active 8) (8 cores per cpu, 2 threads per core) family 23 model 24 stepping 1 microcode 0x0, cmov, cx8, fxsr, mmx, sse, sse2, sse3, ssse3, sse4.1, sse4.2, popcnt, avx, avx2, aes, clmul, mmxext, 3dnowpref, lzcnt, sse4a, ht, tsc, tscinvbit, tscinv, bmi1, bmi2, adx, s

Memory: 4k page, system-wide physical 7103M (148M free)
TotalPageFile size 20927M (AvailPageFile size 4M)
current process WorkingSet (physical memory assigned to process): 308M, peak: 308M
current process commit charge ("private bytes"): 349M, peak: 350M

vm_info: OpenJDK 64-Bit Server VM (11.0.10+0-b96-7249189) for windows-amd64 JRE (11.0.10+0-b96-7249189), built on Mar 31 2021 21:44:00 by "builder" with MS VC++ 14.0 (VS2015)

END.
